build/app/intermediates/manifest_merge_blame_file/debug/manifest-merger-blame-debug-report.txt
1<?xml version="1.0" encoding="utf-8"?>
2<manifest xmlns:android="http://schemas.android.com/apk/res/android"
3    package="mn.edu.num.hwr_app"
4    android:versionCode="1"
5    android:versionName="1.0.0" >
6
7    <uses-sdk
8        android:minSdkVersion="21"
9        android:targetSdkVersion="31" />
10    <!--
11         Flutter needs it to communicate with the running application
12         to allow setting breakpoints, to provide hot reload, etc.
13    -->
14    <uses-permission android:name="android.permission.INTERNET" />
14-->src/main/AndroidManifest.xml:42:5-67
14-->src/main/AndroidManifest.xml:42:22-64
15    <uses-permission android:name="android.permission.CAMERA" />
15-->src/main/AndroidManifest.xml:43:5-65
15-->src/main/AndroidManifest.xml:43:22-62
16    <uses-permission android:name="android.permission.FLASHLIGHT" />
16-->src/main/AndroidManifest.xml:44:5-69
16-->src/main/AndroidManifest.xml:44:22-66
17
18    <uses-feature
18-->src/main/AndroidManifest.xml:45:5-86
19        android:name="android.hardware.camera2"
19-->src/main/AndroidManifest.xml:45:19-58
20        android:required="false" />
20-->src/main/AndroidManifest.xml:45:59-83
21    <uses-feature
21-->src/main/AndroidManifest.xml:47:5-49:35
22        android:name="android.hardware.camera"
22-->src/main/AndroidManifest.xml:48:9-47
23        android:required="true" />
23-->src/main/AndroidManifest.xml:49:9-32
24
25    <uses-permission android:name="android.permission.VIBRATE" />
25-->src/main/AndroidManifest.xml:51:5-66
25-->src/main/AndroidManifest.xml:51:22-63
26
27    <uses-feature
27-->src/main/AndroidManifest.xml:53:5-55:36
28        android:name="android.hardware.camera.autofocus"
28-->src/main/AndroidManifest.xml:54:9-57
29        android:required="false" />
29-->src/main/AndroidManifest.xml:55:9-33
30    <uses-feature
30-->src/main/AndroidManifest.xml:57:5-59:36
31        android:name="android.hardware.camera.flash"
31-->src/main/AndroidManifest.xml:58:9-53
32        android:required="false" />
32-->src/main/AndroidManifest.xml:59:9-33
33
34    <uses-permission android:name="android.permission.RECORD_AUDIO" />
34-->[:camera] AndroidManifest.xml:10:5-71
34-->[:camera] AndroidManifest.xml:10:22-68
35
36    <application
36-->src/main/AndroidManifest.xml:3:4-40:19
37        android:appComponentFactory="androidx.core.app.CoreComponentFactory"
37-->[androidx.core:core:1.1.0] AndroidManifest.xml:24:18-86
38        android:debuggable="true"
39        android:icon="@mipmap/ic_launcher"
39-->src/main/AndroidManifest.xml:5:9-43
40        android:label="hwr_app" >
40-->src/main/AndroidManifest.xml:4:9-32
41        <activity
41-->src/main/AndroidManifest.xml:6:9-34:20
42            android:name="mn.edu.num.hwr_app.MainActivity"
42-->src/main/AndroidManifest.xml:7:13-41
43            android:configChanges="orientation|keyboardHidden|keyboard|screenSize|smallestScreenSize|locale|layoutDirection|fontScale|screenLayout|density|uiMode"
43-->src/main/AndroidManifest.xml:10:13-163
44            android:hardwareAccelerated="true"
44-->src/main/AndroidManifest.xml:11:13-47
45            android:launchMode="singleTop"
45-->src/main/AndroidManifest.xml:8:13-43
46            android:theme="@style/LaunchTheme"
46-->src/main/AndroidManifest.xml:9:13-47
47            android:windowSoftInputMode="adjustResize" >
47-->src/main/AndroidManifest.xml:12:13-55
48
49            <!--
50                 Specifies an Android theme to apply to this Activity as soon as
51                 the Android process has started. This theme is visible to the user
52                 while the Flutter UI initializes. After that, this theme continues
53                 to determine the Window background behind the Flutter UI.
54            -->
55            <meta-data
55-->src/main/AndroidManifest.xml:17:13-20:17
56                android:name="io.flutter.embedding.android.NormalTheme"
56-->src/main/AndroidManifest.xml:18:15-70
57                android:resource="@style/NormalTheme" />
57-->src/main/AndroidManifest.xml:19:15-52
58            <!--
59                 Displays an Android View that continues showing the launch screen
60                 Drawable until Flutter paints its first frame, then this splash
61                 screen fades out. A splash screen is useful to avoid any visual
62                 gap between the end of Android's launch screen and the painting of
63                 Flutter's first frame.
64            -->
65            <meta-data
65-->src/main/AndroidManifest.xml:26:13-29:17
66                android:name="io.flutter.embedding.android.SplashScreenDrawable"
66-->src/main/AndroidManifest.xml:27:15-79
67                android:resource="@drawable/launch_background" />
67-->src/main/AndroidManifest.xml:28:15-61
68
69            <intent-filter>
69-->src/main/AndroidManifest.xml:30:13-33:29
70                <action android:name="android.intent.action.MAIN" />
70-->src/main/AndroidManifest.xml:31:17-68
70-->src/main/AndroidManifest.xml:31:25-66
71
72                <category android:name="android.intent.category.LAUNCHER" />
72-->src/main/AndroidManifest.xml:32:17-76
72-->src/main/AndroidManifest.xml:32:27-74
73            </intent-filter>
74        </activity>
75        <!--
76             Don't delete the meta-data below.
77             This is used by the Flutter tool to generate GeneratedPluginRegistrant.java
78        -->
79        <meta-data
79-->src/main/AndroidManifest.xml:37:9-39:33
80            android:name="flutterEmbedding"
80-->src/main/AndroidManifest.xml:38:13-44
81            android:value="2" />
81-->src/main/AndroidManifest.xml:39:13-30
82    </application>
83
84</manifest>